<?xml version="1.0" encoding="UTF-8"?>
<testng-results skipped="0" failed="0" ignored="0" total="1" passed="1">
  <reporter-output>
  </reporter-output>
  <suite name="Default suite" duration-ms="3352" started-at="2020-07-20T01:10:13 IST" finished-at="2020-07-20T01:10:16 IST">
    <groups>
    </groups>
    <test name="Default test" duration-ms="3352" started-at="2020-07-20T01:10:13 IST" finished-at="2020-07-20T01:10:16 IST">
      <class name="com.qa.rest.test.GetOrderHistory2">
        <test-method status="PASS" signature="getHistory()[pri:0, instance:com.qa.rest.test.GetOrderHistory2@6ebc05a6]" name="getHistory" duration-ms="3279" started-at="2020-07-20T01:10:13 IST" finished-at="2020-07-20T01:10:16 IST">
          <reporter-output>
          </reporter-output>
        </test-method> <!-- getHistory -->
      </class> <!-- com.qa.rest.test.GetOrderHistory2 -->
    </test> <!-- Default test -->
  </suite> <!-- Default suite -->
</testng-results>
